<?xml version="1.0" encoding="UTF-8"?>
<!-- Generated by org.testng.reporters.JUnitReportReporter -->
<testsuite hostname="Deepak-Laptop" failures="0" tests="2" name="screenshot.Screenshot_saucedemoweb_incorrectcredential" time="0.983" errors="0" timestamp="2025-02-17T12:29:44 IST" skipped="0">
  <testcase classname="screenshot.Screenshot_saucedemoweb_incorrectcredential" name="inccorectcredential" time="0.351"/>
  <system-out/>
  <testcase classname="screenshot.Screenshot_saucedemoweb_incorrectcredential" name="homepage" time="0.632"/>
  <system-out/>
</testsuite> <!-- screenshot.Screenshot_saucedemoweb_incorrectcredential -->
