<?xml version="1.0" encoding="UTF-8"?>
<!-- Generated by org.testng.reporters.JUnitReportReporter -->
<testsuite hostname="Deepak-Laptop" failures="0" tests="1" name="screenshot.Screenshot_acttimewebsite" time="9.073" errors="0" timestamp="2025-02-17T12:00:09 IST" skipped="0">
  <testcase classname="screenshot.Screenshot_acttimewebsite" name="captureScreenshotTest" time="9.073"/>
  <system-out/>
</testsuite> <!-- screenshot.Screenshot_acttimewebsite -->
