<?xml version="1.0" encoding="UTF-8"?>
<!-- Generated by org.testng.reporters.JUnitReportReporter -->
<testsuite hostname="Deepak-Laptop" failures="0" tests="1" name="TestNG.NewTest" time="0.008" errors="0" timestamp="2025-02-17T08:30:40 IST" skipped="0">
  <testcase classname="TestNG.NewTest" name="Test" time="0.008"/>
  <system-out/>
</testsuite> <!-- TestNG.NewTest -->
