<?xml version="1.0" encoding="UTF-8"?>
<!-- Generated by org.testng.reporters.JUnitReportReporter -->
<testsuite hostname="Deepak-Laptop" failures="0" tests="2" name="com.log4j.Selenium_log4j_Google" time="2.656" errors="0" timestamp="2025-02-24T21:08:03 IST" skipped="0">
  <testcase classname="com.log4j.Selenium_log4j_Google" name="Browser_Launch" time="2.647"/>
  <system-out/>
  <testcase classname="com.log4j.Selenium_log4j_Google" name="Googletitle" time="0.009"/>
  <system-out/>
</testsuite> <!-- com.log4j.Selenium_log4j_Google -->
